<?xml version="1.0" encoding="UTF-8"?>
<testsuite xmlns:xsi="http://www.w3.org/2001/XMLSchema-instance" xsi:noNamespaceSchemaLocation="https://maven.apache.org/surefire/maven-surefire-plugin/xsd/surefire-test-report.xsd" name="com.setsuna.springboot.SpringBootSetsunaSqlApplicationTests" time="2.749" tests="1" errors="0" skipped="0" failures="0">
  <properties>
    <property name="sun.desktop" value="windows"/>
    <property name="awt.toolkit" value="sun.awt.windows.WToolkit"/>
    <property name="file.encoding.pkg" value="sun.io"/>
    <property name="java.specification.version" value="1.8"/>
    <property name="sun.cpu.isalist" value="amd64"/>
    <property name="sun.jnu.encoding" value="GBK"/>
    <property name="java.class.path" value="D:\java\SpringBoot\spring_boot_setsuna_sql\target\test-classes;D:\java\SpringBoot\spring_boot_setsuna_sql\target\classes;E:\maven\repository339\org\springframework\boot\spring-boot-starter-jdbc\2.3.1.RELEASE\spring-boot-starter-jdbc-2.3.1.RELEASE.jar;E:\maven\repository339\org\springframework\boot\spring-boot-starter\2.3.1.RELEASE\spring-boot-starter-2.3.1.RELEASE.jar;E:\maven\repository339\org\springframework\boot\spring-boot\2.3.1.RELEASE\spring-boot-2.3.1.RELEASE.jar;E:\maven\repository339\org\springframework\boot\spring-boot-autoconfigure\2.3.1.RELEASE\spring-boot-autoconfigure-2.3.1.RELEASE.jar;E:\maven\repository339\org\springframework\boot\spring-boot-starter-logging\2.3.1.RELEASE\spring-boot-starter-logging-2.3.1.RELEASE.jar;E:\maven\repository339\ch\qos\logback\logback-classic\1.2.3\logback-classic-1.2.3.jar;E:\maven\repository339\ch\qos\logback\logback-core\1.2.3\logback-core-1.2.3.jar;E:\maven\repository339\org\apache\logging\log4j\log4j-to-slf4j\2.13.3\log4j-to-slf4j-2.13.3.jar;E:\maven\repository339\org\apache\logging\log4j\log4j-api\2.13.3\log4j-api-2.13.3.jar;E:\maven\repository339\org\slf4j\jul-to-slf4j\1.7.30\jul-to-slf4j-1.7.30.jar;E:\maven\repository339\jakarta\annotation\jakarta.annotation-api\1.3.5\jakarta.annotation-api-1.3.5.jar;E:\maven\repository339\org\yaml\snakeyaml\1.26\snakeyaml-1.26.jar;E:\maven\repository339\com\zaxxer\HikariCP\3.4.5\HikariCP-3.4.5.jar;E:\maven\repository339\org\slf4j\slf4j-api\1.7.30\slf4j-api-1.7.30.jar;E:\maven\repository339\org\springframework\spring-jdbc\5.2.7.RELEASE\spring-jdbc-5.2.7.RELEASE.jar;E:\maven\repository339\org\springframework\spring-beans\5.2.7.RELEASE\spring-beans-5.2.7.RELEASE.jar;E:\maven\repository339\org\springframework\spring-tx\5.2.7.RELEASE\spring-tx-5.2.7.RELEASE.jar;E:\maven\repository339\org\springframework\boot\spring-boot-starter-web\2.3.1.RELEASE\spring-boot-starter-web-2.3.1.RELEASE.jar;E:\maven\repository339\org\springframework\boot\spring-boot-starter-json\2.3.1.RELEASE\spring-boot-starter-json-2.3.1.RELEASE.jar;E:\maven\repository339\com\fasterxml\jackson\core\jackson-databind\2.11.0\jackson-databind-2.11.0.jar;E:\maven\repository339\com\fasterxml\jackson\core\jackson-annotations\2.11.0\jackson-annotations-2.11.0.jar;E:\maven\repository339\com\fasterxml\jackson\core\jackson-core\2.11.0\jackson-core-2.11.0.jar;E:\maven\repository339\com\fasterxml\jackson\datatype\jackson-datatype-jdk8\2.11.0\jackson-datatype-jdk8-2.11.0.jar;E:\maven\repository339\com\fasterxml\jackson\datatype\jackson-datatype-jsr310\2.11.0\jackson-datatype-jsr310-2.11.0.jar;E:\maven\repository339\com\fasterxml\jackson\module\jackson-module-parameter-names\2.11.0\jackson-module-parameter-names-2.11.0.jar;E:\maven\repository339\org\springframework\boot\spring-boot-starter-tomcat\2.3.1.RELEASE\spring-boot-starter-tomcat-2.3.1.RELEASE.jar;E:\maven\repository339\org\glassfish\jakarta.el\3.0.3\jakarta.el-3.0.3.jar;E:\maven\repository339\org\apache\tomcat\embed\tomcat-embed-websocket\9.0.36\tomcat-embed-websocket-9.0.36.jar;E:\maven\repository339\org\springframework\spring-web\5.2.7.RELEASE\spring-web-5.2.7.RELEASE.jar;E:\maven\repository339\org\springframework\spring-webmvc\5.2.7.RELEASE\spring-webmvc-5.2.7.RELEASE.jar;E:\maven\repository339\org\springframework\spring-aop\5.2.7.RELEASE\spring-aop-5.2.7.RELEASE.jar;E:\maven\repository339\org\springframework\spring-context\5.2.7.RELEASE\spring-context-5.2.7.RELEASE.jar;E:\maven\repository339\org\springframework\spring-expression\5.2.7.RELEASE\spring-expression-5.2.7.RELEASE.jar;E:\maven\repository339\mysql\mysql-connector-java\8.0.20\mysql-connector-java-8.0.20.jar;E:\maven\repository339\org\springframework\boot\spring-boot-starter-test\2.3.1.RELEASE\spring-boot-starter-test-2.3.1.RELEASE.jar;E:\maven\repository339\org\springframework\boot\spring-boot-test\2.3.1.RELEASE\spring-boot-test-2.3.1.RELEASE.jar;E:\maven\repository339\org\springframework\boot\spring-boot-test-autoconfigure\2.3.1.RELEASE\spring-boot-test-autoconfigure-2.3.1.RELEASE.jar;E:\maven\repository339\com\jayway\jsonpath\json-path\2.4.0\json-path-2.4.0.jar;E:\maven\repository339\net\minidev\json-smart\2.3\json-smart-2.3.jar;E:\maven\repository339\net\minidev\accessors-smart\1.2\accessors-smart-1.2.jar;E:\maven\repository339\org\ow2\asm\asm\5.0.4\asm-5.0.4.jar;E:\maven\repository339\jakarta\xml\bind\jakarta.xml.bind-api\2.3.3\jakarta.xml.bind-api-2.3.3.jar;E:\maven\repository339\jakarta\activation\jakarta.activation-api\1.2.2\jakarta.activation-api-1.2.2.jar;E:\maven\repository339\org\assertj\assertj-core\3.16.1\assertj-core-3.16.1.jar;E:\maven\repository339\org\hamcrest\hamcrest\2.2\hamcrest-2.2.jar;E:\maven\repository339\org\junit\jupiter\junit-jupiter\5.6.2\junit-jupiter-5.6.2.jar;E:\maven\repository339\org\junit\jupiter\junit-jupiter-api\5.6.2\junit-jupiter-api-5.6.2.jar;E:\maven\repository339\org\apiguardian\apiguardian-api\1.1.0\apiguardian-api-1.1.0.jar;E:\maven\repository339\org\opentest4j\opentest4j\1.2.0\opentest4j-1.2.0.jar;E:\maven\repository339\org\junit\platform\junit-platform-commons\1.6.2\junit-platform-commons-1.6.2.jar;E:\maven\repository339\org\junit\jupiter\junit-jupiter-params\5.6.2\junit-jupiter-params-5.6.2.jar;E:\maven\repository339\org\junit\jupiter\junit-jupiter-engine\5.6.2\junit-jupiter-engine-5.6.2.jar;E:\maven\repository339\org\junit\platform\junit-platform-engine\1.6.2\junit-platform-engine-1.6.2.jar;E:\maven\repository339\org\mockito\mockito-core\3.3.3\mockito-core-3.3.3.jar;E:\maven\repository339\net\bytebuddy\byte-buddy\1.10.11\byte-buddy-1.10.11.jar;E:\maven\repository339\net\bytebuddy\byte-buddy-agent\1.10.11\byte-buddy-agent-1.10.11.jar;E:\maven\repository339\org\objenesis\objenesis\2.6\objenesis-2.6.jar;E:\maven\repository339\org\mockito\mockito-junit-jupiter\3.3.3\mockito-junit-jupiter-3.3.3.jar;E:\maven\repository339\org\skyscreamer\jsonassert\1.5.0\jsonassert-1.5.0.jar;E:\maven\repository339\com\vaadin\external\google\android-json\0.0.20131108.vaadin1\android-json-0.0.20131108.vaadin1.jar;E:\maven\repository339\org\springframework\spring-core\5.2.7.RELEASE\spring-core-5.2.7.RELEASE.jar;E:\maven\repository339\org\springframework\spring-jcl\5.2.7.RELEASE\spring-jcl-5.2.7.RELEASE.jar;E:\maven\repository339\org\springframework\spring-test\5.2.7.RELEASE\spring-test-5.2.7.RELEASE.jar;E:\maven\repository339\org\xmlunit\xmlunit-core\2.7.0\xmlunit-core-2.7.0.jar;E:\maven\repository339\javax\servlet\javax.servlet-api\4.0.1\javax.servlet-api-4.0.1.jar;E:\maven\repository339\javax\servlet\jstl\1.2\jstl-1.2.jar;E:\maven\repository339\org\apache\tomcat\embed\tomcat-embed-jasper\9.0.36\tomcat-embed-jasper-9.0.36.jar;E:\maven\repository339\org\apache\tomcat\embed\tomcat-embed-core\9.0.36\tomcat-embed-core-9.0.36.jar;E:\maven\repository339\org\apache\tomcat\tomcat-annotations-api\9.0.36\tomcat-annotations-api-9.0.36.jar;E:\maven\repository339\org\apache\tomcat\embed\tomcat-embed-el\9.0.36\tomcat-embed-el-9.0.36.jar;E:\maven\repository339\org\eclipse\jdt\ecj\3.18.0\ecj-3.18.0.jar;"/>
    <property name="java.vm.vendor" value="Oracle Corporation"/>
    <property name="sun.arch.data.model" value="64"/>
    <property name="user.variant" value=""/>
    <property name="java.vendor.url" value="http://java.oracle.com/"/>
    <property name="user.timezone" value="Asia/Shanghai"/>
    <property name="java.vm.specification.version" value="1.8"/>
    <property name="os.name" value="Windows 10"/>
    <property name="user.country" value="CN"/>
    <property name="sun.java.launcher" value="SUN_STANDARD"/>
    <property name="sun.boot.library.path" value="E:\jdk1.8.0\jre\bin"/>
    <property name="sun.java.command" value="C:\Users\SETSUN~1\AppData\Local\Temp\surefire3378067743314951309\surefirebooter3277732731396136081.jar C:\Users\setsunaä¸¶\AppData\Local\Temp\surefire3378067743314951309 2020-07-14T15-56-46_751-jvmRun1 surefire1947673984501441995tmp surefire_06802956920395325366tmp"/>
    <property name="surefire.test.class.path" value="D:\java\SpringBoot\spring_boot_setsuna_sql\target\test-classes;D:\java\SpringBoot\spring_boot_setsuna_sql\target\classes;E:\maven\repository339\org\springframework\boot\spring-boot-starter-jdbc\2.3.1.RELEASE\spring-boot-starter-jdbc-2.3.1.RELEASE.jar;E:\maven\repository339\org\springframework\boot\spring-boot-starter\2.3.1.RELEASE\spring-boot-starter-2.3.1.RELEASE.jar;E:\maven\repository339\org\springframework\boot\spring-boot\2.3.1.RELEASE\spring-boot-2.3.1.RELEASE.jar;E:\maven\repository339\org\springframework\boot\spring-boot-autoconfigure\2.3.1.RELEASE\spring-boot-autoconfigure-2.3.1.RELEASE.jar;E:\maven\repository339\org\springframework\boot\spring-boot-starter-logging\2.3.1.RELEASE\spring-boot-starter-logging-2.3.1.RELEASE.jar;E:\maven\repository339\ch\qos\logback\logback-classic\1.2.3\logback-classic-1.2.3.jar;E:\maven\repository339\ch\qos\logback\logback-core\1.2.3\logback-core-1.2.3.jar;E:\maven\repository339\org\apache\logging\log4j\log4j-to-slf4j\2.13.3\log4j-to-slf4j-2.13.3.jar;E:\maven\repository339\org\apache\logging\log4j\log4j-api\2.13.3\log4j-api-2.13.3.jar;E:\maven\repository339\org\slf4j\jul-to-slf4j\1.7.30\jul-to-slf4j-1.7.30.jar;E:\maven\repository339\jakarta\annotation\jakarta.annotation-api\1.3.5\jakarta.annotation-api-1.3.5.jar;E:\maven\repository339\org\yaml\snakeyaml\1.26\snakeyaml-1.26.jar;E:\maven\repository339\com\zaxxer\HikariCP\3.4.5\HikariCP-3.4.5.jar;E:\maven\repository339\org\slf4j\slf4j-api\1.7.30\slf4j-api-1.7.30.jar;E:\maven\repository339\org\springframework\spring-jdbc\5.2.7.RELEASE\spring-jdbc-5.2.7.RELEASE.jar;E:\maven\repository339\org\springframework\spring-beans\5.2.7.RELEASE\spring-beans-5.2.7.RELEASE.jar;E:\maven\repository339\org\springframework\spring-tx\5.2.7.RELEASE\spring-tx-5.2.7.RELEASE.jar;E:\maven\repository339\org\springframework\boot\spring-boot-starter-web\2.3.1.RELEASE\spring-boot-starter-web-2.3.1.RELEASE.jar;E:\maven\repository339\org\springframework\boot\spring-boot-starter-json\2.3.1.RELEASE\spring-boot-starter-json-2.3.1.RELEASE.jar;E:\maven\repository339\com\fasterxml\jackson\core\jackson-databind\2.11.0\jackson-databind-2.11.0.jar;E:\maven\repository339\com\fasterxml\jackson\core\jackson-annotations\2.11.0\jackson-annotations-2.11.0.jar;E:\maven\repository339\com\fasterxml\jackson\core\jackson-core\2.11.0\jackson-core-2.11.0.jar;E:\maven\repository339\com\fasterxml\jackson\datatype\jackson-datatype-jdk8\2.11.0\jackson-datatype-jdk8-2.11.0.jar;E:\maven\repository339\com\fasterxml\jackson\datatype\jackson-datatype-jsr310\2.11.0\jackson-datatype-jsr310-2.11.0.jar;E:\maven\repository339\com\fasterxml\jackson\module\jackson-module-parameter-names\2.11.0\jackson-module-parameter-names-2.11.0.jar;E:\maven\repository339\org\springframework\boot\spring-boot-starter-tomcat\2.3.1.RELEASE\spring-boot-starter-tomcat-2.3.1.RELEASE.jar;E:\maven\repository339\org\glassfish\jakarta.el\3.0.3\jakarta.el-3.0.3.jar;E:\maven\repository339\org\apache\tomcat\embed\tomcat-embed-websocket\9.0.36\tomcat-embed-websocket-9.0.36.jar;E:\maven\repository339\org\springframework\spring-web\5.2.7.RELEASE\spring-web-5.2.7.RELEASE.jar;E:\maven\repository339\org\springframework\spring-webmvc\5.2.7.RELEASE\spring-webmvc-5.2.7.RELEASE.jar;E:\maven\repository339\org\springframework\spring-aop\5.2.7.RELEASE\spring-aop-5.2.7.RELEASE.jar;E:\maven\repository339\org\springframework\spring-context\5.2.7.RELEASE\spring-context-5.2.7.RELEASE.jar;E:\maven\repository339\org\springframework\spring-expression\5.2.7.RELEASE\spring-expression-5.2.7.RELEASE.jar;E:\maven\repository339\mysql\mysql-connector-java\8.0.20\mysql-connector-java-8.0.20.jar;E:\maven\repository339\org\springframework\boot\spring-boot-starter-test\2.3.1.RELEASE\spring-boot-starter-test-2.3.1.RELEASE.jar;E:\maven\repository339\org\springframework\boot\spring-boot-test\2.3.1.RELEASE\spring-boot-test-2.3.1.RELEASE.jar;E:\maven\repository339\org\springframework\boot\spring-boot-test-autoconfigure\2.3.1.RELEASE\spring-boot-test-autoconfigure-2.3.1.RELEASE.jar;E:\maven\repository339\com\jayway\jsonpath\json-path\2.4.0\json-path-2.4.0.jar;E:\maven\repository339\net\minidev\json-smart\2.3\json-smart-2.3.jar;E:\maven\repository339\net\minidev\accessors-smart\1.2\accessors-smart-1.2.jar;E:\maven\repository339\org\ow2\asm\asm\5.0.4\asm-5.0.4.jar;E:\maven\repository339\jakarta\xml\bind\jakarta.xml.bind-api\2.3.3\jakarta.xml.bind-api-2.3.3.jar;E:\maven\repository339\jakarta\activation\jakarta.activation-api\1.2.2\jakarta.activation-api-1.2.2.jar;E:\maven\repository339\org\assertj\assertj-core\3.16.1\assertj-core-3.16.1.jar;E:\maven\repository339\org\hamcrest\hamcrest\2.2\hamcrest-2.2.jar;E:\maven\repository339\org\junit\jupiter\junit-jupiter\5.6.2\junit-jupiter-5.6.2.jar;E:\maven\repository339\org\junit\jupiter\junit-jupiter-api\5.6.2\junit-jupiter-api-5.6.2.jar;E:\maven\repository339\org\apiguardian\apiguardian-api\1.1.0\apiguardian-api-1.1.0.jar;E:\maven\repository339\org\opentest4j\opentest4j\1.2.0\opentest4j-1.2.0.jar;E:\maven\repository339\org\junit\platform\junit-platform-commons\1.6.2\junit-platform-commons-1.6.2.jar;E:\maven\repository339\org\junit\jupiter\junit-jupiter-params\5.6.2\junit-jupiter-params-5.6.2.jar;E:\maven\repository339\org\junit\jupiter\junit-jupiter-engine\5.6.2\junit-jupiter-engine-5.6.2.jar;E:\maven\repository339\org\junit\platform\junit-platform-engine\1.6.2\junit-platform-engine-1.6.2.jar;E:\maven\repository339\org\mockito\mockito-core\3.3.3\mockito-core-3.3.3.jar;E:\maven\repository339\net\bytebuddy\byte-buddy\1.10.11\byte-buddy-1.10.11.jar;E:\maven\repository339\net\bytebuddy\byte-buddy-agent\1.10.11\byte-buddy-agent-1.10.11.jar;E:\maven\repository339\org\objenesis\objenesis\2.6\objenesis-2.6.jar;E:\maven\repository339\org\mockito\mockito-junit-jupiter\3.3.3\mockito-junit-jupiter-3.3.3.jar;E:\maven\repository339\org\skyscreamer\jsonassert\1.5.0\jsonassert-1.5.0.jar;E:\maven\repository339\com\vaadin\external\google\android-json\0.0.20131108.vaadin1\android-json-0.0.20131108.vaadin1.jar;E:\maven\repository339\org\springframework\spring-core\5.2.7.RELEASE\spring-core-5.2.7.RELEASE.jar;E:\maven\repository339\org\springframework\spring-jcl\5.2.7.RELEASE\spring-jcl-5.2.7.RELEASE.jar;E:\maven\repository339\org\springframework\spring-test\5.2.7.RELEASE\spring-test-5.2.7.RELEASE.jar;E:\maven\repository339\org\xmlunit\xmlunit-core\2.7.0\xmlunit-core-2.7.0.jar;E:\maven\repository339\javax\servlet\javax.servlet-api\4.0.1\javax.servlet-api-4.0.1.jar;E:\maven\repository339\javax\servlet\jstl\1.2\jstl-1.2.jar;E:\maven\repository339\org\apache\tomcat\embed\tomcat-embed-jasper\9.0.36\tomcat-embed-jasper-9.0.36.jar;E:\maven\repository339\org\apache\tomcat\embed\tomcat-embed-core\9.0.36\tomcat-embed-core-9.0.36.jar;E:\maven\repository339\org\apache\tomcat\tomcat-annotations-api\9.0.36\tomcat-annotations-api-9.0.36.jar;E:\maven\repository339\org\apache\tomcat\embed\tomcat-embed-el\9.0.36\tomcat-embed-el-9.0.36.jar;E:\maven\repository339\org\eclipse\jdt\ecj\3.18.0\ecj-3.18.0.jar;"/>
    <property name="sun.cpu.endian" value="little"/>
    <property name="user.home" value="C:\Users\setsunaä¸¶"/>
    <property name="user.language" value="zh"/>
    <property name="java.specification.vendor" value="Oracle Corporation"/>
    <property name="java.home" value="E:\jdk1.8.0\jre"/>
    <property name="basedir" value="D:\java\SpringBoot\spring_boot_setsuna_sql"/>
    <property name="file.separator" value="\"/>
    <property name="line.separator" value="&#10;"/>
    <property name="idea.version2019.2.4" value="true"/>
    <property name="java.vm.specification.vendor" value="Oracle Corporation"/>
    <property name="java.specification.name" value="Java Platform API Specification"/>
    <property name="java.awt.graphicsenv" value="sun.awt.Win32GraphicsEnvironment"/>
    <property name="surefire.real.class.path" value="C:\Users\SETSUN~1\AppData\Local\Temp\surefire3378067743314951309\surefirebooter3277732731396136081.jar"/>
    <property name="sun.boot.class.path" value="E:\jdk1.8.0\jre\lib\resources.jar;E:\jdk1.8.0\jre\lib\rt.jar;E:\jdk1.8.0\jre\lib\sunrsasign.jar;E:\jdk1.8.0\jre\lib\jsse.jar;E:\jdk1.8.0\jre\lib\jce.jar;E:\jdk1.8.0\jre\lib\charsets.jar;E:\jdk1.8.0\jre\lib\jfr.jar;E:\jdk1.8.0\jre\classes"/>
    <property name="user.script" value=""/>
    <property name="sun.management.compiler" value="HotSpot 64-Bit Tiered Compilers"/>
    <property name="java.runtime.version" value="1.8.0_251-b08"/>
    <property name="user.name" value="setsunaä¸¶"/>
    <property name="path.separator" value=";"/>
    <property name="os.version" value="10.0"/>
    <property name="java.endorsed.dirs" value="E:\jdk1.8.0\jre\lib\endorsed"/>
    <property name="java.runtime.name" value="Java(TM) SE Runtime Environment"/>
    <property name="file.encoding" value="GBK"/>
    <property name="java.vm.name" value="Java HotSpot(TM) 64-Bit Server VM"/>
    <property name="localRepository" value="E:\maven\repository339"/>
    <property name="java.vendor.url.bug" value="http://bugreport.sun.com/bugreport/"/>
    <property name="java.io.tmpdir" value="C:\Users\SETSUN~1\AppData\Local\Temp\"/>
    <property name="java.version" value="1.8.0_251"/>
    <property name="user.dir" value="D:\java\SpringBoot\spring_boot_setsuna_sql"/>
    <property name="os.arch" value="amd64"/>
    <property name="java.vm.specification.name" value="Java Virtual Machine Specification"/>
    <property name="java.awt.printerjob" value="sun.awt.windows.WPrinterJob"/>
    <property name="sun.os.patch.level" value=""/>
    <property name="java.library.path" value="E:\jdk1.8.0\jre\bin;C:\WINDOWS\Sun\Java\bin;C:\WINDOWS\system32;C:\WINDOWS;C:\Program Files (x86)\Intel\Intel(R) Management Engine Components\iCLS\;C:\Program Files\Intel\Intel(R) Management Engine Components\iCLS\;C:\Windows\system32;C:\Windows;C:\Windows\System32\Wbem;C:\Windows\System32\WindowsPowerShell\v1.0\;C:\Program Files (x86)\Intel\Intel(R) Management Engine Components\DAL;C:\Program Files\Intel\Intel(R) Management Engine Components\DAL;C:\Program Files (x86)\Intel\Intel(R) Management Engine Components\IPT;C:\Program Files\Intel\Intel(R) Management Engine Components\IPT;C:\Program Files (x86)\NVIDIA Corporation\PhysX\Common;C:\WINDOWS\system32;C:\WINDOWS;C:\WINDOWS\System32\Wbem;C:\WINDOWS\System32\WindowsPowerShell\v1.0\;C:\WINDOWS\System32\OpenSSH\;C:\Program Files\dotnet\;d:\quaryus\quartus\bin;C:\Windows\Microsoft.NET\Framework\v4.0.30319;D:\secureCRT\;E:\jdk1.8.0\bin;E:\jdk1.8.0\lib;E:\maven\apache-maven-3.3.9\bin;C:\Users\setsunaä¸¶\AppData\Local\Programs\Python\Python37\Scripts\;C:\Users\setsunaä¸¶\AppData\Local\Programs\Python\Python37\;C:\Users\setsunaä¸¶\AppData\Local\Microsoft\WindowsApps;e:\Users\setsunaä¸¶\AppData\Local\Programs\Microsoft VS Code\bin;D:\mysql\mysql-5.7.25-winx64\bin;;E:\IDEA\IntelliJ IDEA 2019.2.4\bin;;."/>
    <property name="java.vm.info" value="mixed mode"/>
    <property name="java.vendor" value="Oracle Corporation"/>
    <property name="java.vm.version" value="25.251-b08"/>
    <property name="java.ext.dirs" value="E:\jdk1.8.0\jre\lib\ext;C:\WINDOWS\Sun\Java\lib\ext"/>
    <property name="sun.io.unicode.encoding" value="UnicodeLittle"/>
    <property name="java.class.version" value="52.0"/>
  </properties>
  <testcase name="contextLoads" classname="com.setsuna.springboot.SpringBootSetsunaSqlApplicationTests" time="0.15"/>
</testsuite>